module_home/build/outputs/logs/manifest-merger-debug-report.txt
-- Merging decision tree log ---
manifest
ADDED from src\main\AndroidManifest.xml:2:1-16:12
INJECTED from src\main\AndroidManifest.xml:2:1-16:12
INJECTED from src\main\AndroidManifest.xml:2:1-16:12
INJECTED from src\main\AndroidManifest.xml:2:1-16:12
INJECTED from src\main\AndroidManifest.xml:2:1-16:12
INJECTED from src\main\AndroidManifest.xml:2:1-16:12
INJECTED from src\main\AndroidManifest.xml:2:1-16:12
	package
		ADDED from src\main\AndroidManifest.xml:3:5-37
		INJECTED from src\main\AndroidManifest.xml
		INJECTED from src\main\AndroidManifest.xml
	android:versionName
		INJECTED from src\main\AndroidManifest.xml
		ADDED from src\main\AndroidManifest.xml:2:1-16:12
		INJECTED from src\main\AndroidManifest.xml
	android:versionCode
		INJECTED from src\main\AndroidManifest.xml
		ADDED from src\main\AndroidManifest.xml:2:1-16:12
		INJECTED from src\main\AndroidManifest.xml
	xmlns:android
		ADDED from src\main\AndroidManifest.xml:2:11-69
application
ADDED from src\main\AndroidManifest.xml:5:5-14:19
	android:name
		ADDED from src\main\AndroidManifest.xml:5:18-64
activity#com.guoshi.module_home.public_placement.PublicMainActivity
ADDED from src\main\AndroidManifest.xml:6:9-119
	android:screenOrientation
		ADDED from src\main\AndroidManifest.xml:6:71-107
	android:name
		ADDED from src\main\AndroidManifest.xml:6:19-70
activity#com.guoshi.module_home.private_placement.PrivateListActivity
ADDED from src\main\AndroidManifest.xml:7:9-111
	android:screenOrientation
		ADDED from src\main\AndroidManifest.xml:7:73-109
	android:name
		ADDED from src\main\AndroidManifest.xml:7:19-72
activity#com.guoshi.module_home.public_placement.PublicListActivity
ADDED from src\main\AndroidManifest.xml:8:9-109
	android:screenOrientation
		ADDED from src\main\AndroidManifest.xml:8:71-107
	android:name
		ADDED from src\main\AndroidManifest.xml:8:19-70
activity#com.guoshi.module_home.seek.SeekActivity
ADDED from src\main\AndroidManifest.xml:9:9-12:55
	android:screenOrientation
		ADDED from src\main\AndroidManifest.xml:11:13-49
	android:windowSoftInputMode
		ADDED from src\main\AndroidManifest.xml:12:13-52
	android:name
		ADDED from src\main\AndroidManifest.xml:10:13-46
activity#com.guoshi.module_home.HomeTestActivity
ADDED from src\main\AndroidManifest.xml:13:9-54
	android:name
		ADDED from src\main\AndroidManifest.xml:13:19-51
uses-sdk
INJECTED from src\main\AndroidManifest.xml reason: use-sdk injection requested
INJECTED from src\main\AndroidManifest.xml
INJECTED from src\main\AndroidManifest.xml
INJECTED from src\main\AndroidManifest.xml
INJECTED from src\main\AndroidManifest.xml
	android:targetSdkVersion
		INJECTED from src\main\AndroidManifest.xml
		ADDED from src\main\AndroidManifest.xml
		INJECTED from src\main\AndroidManifest.xml
	android:minSdkVersion
		INJECTED from src\main\AndroidManifest.xml
		ADDED from src\main\AndroidManifest.xml
		INJECTED from src\main\AndroidManifest.xml